<?xml version="1.0" encoding="UTF-8"?>
<!-- Generated by org.testng.reporters.JUnitReportReporter -->
<testsuite hostname="Admin" failures="0" tests="4" name="org.flipkart.FlipkartProject" time="0.354" errors="0" timestamp="2023-04-18T18:03:51 IST" skipped="0">
  <testcase classname="org.flipkart.FlipkartProject" name="enterEmail" time="0.083"/>
  <system-out/>
  <testcase classname="org.flipkart.FlipkartProject" name="enterEmail" time="0.089"/>
  <system-out/>
  <testcase classname="org.flipkart.FlipkartProject" name="enterEmail" time="0.138"/>
  <system-out/>
  <testcase classname="org.flipkart.FlipkartProject" name="clickSubmit" time="0.044"/>
  <system-out/>
</testsuite> <!-- org.flipkart.FlipkartProject -->
