<?xml version="1.0" encoding="UTF-8"?>
<!-- Generated by org.testng.reporters.JUnitReportReporter -->
<testsuite hostname="Admin" failures="0" tests="5" name="org.redbus.RedBusLoginPage" time="5.475" errors="0" timestamp="2023-04-25T11:36:42 IST" skipped="0">
  <testcase classname="org.redbus.RedBusLoginPage" name="firstClickSingIn" time="1.798"/>
  <system-out/>
  <testcase classname="org.redbus.RedBusLoginPage" name="secondClickToEnterMail" time="0.705"/>
  <system-out/>
  <testcase classname="org.redbus.RedBusLoginPage" name="thirdClickNext" time="0.060"/>
  <system-out/>
  <testcase classname="org.redbus.RedBusLoginPage" name="fourthEnterPassword" time="2.069"/>
  <system-out/>
  <testcase classname="org.redbus.RedBusLoginPage" name="fivthClickLogIn" time="0.843"/>
  <system-out/>
</testsuite> <!-- org.redbus.RedBusLoginPage -->
